TN:
SF:src/gameController.ts
FN:63,(anonymous_9)
FN:83,(anonymous_10)
FN:87,(anonymous_11)
FN:93,(anonymous_12)
FN:99,(anonymous_13)
FN:105,(anonymous_14)
FN:111,(anonymous_15)
FN:120,(anonymous_16)
FN:126,(anonymous_17)
FN:132,(anonymous_18)
FN:136,(anonymous_19)
FN:140,(anonymous_20)
FN:146,(anonymous_21)
FN:152,(anonymous_22)
FN:158,(anonymous_23)
FN:165,(anonymous_24)
FN:171,(anonymous_25)
FN:177,(anonymous_26)
FN:183,(anonymous_27)
FN:189,(anonymous_28)
FN:195,(anonymous_29)
FN:202,(anonymous_30)
FN:208,(anonymous_31)
FN:214,(anonymous_32)
FN:220,(anonymous_33)
FN:226,(anonymous_34)
FN:232,(anonymous_35)
FN:241,(anonymous_36)
FN:247,(anonymous_37)
FN:253,(anonymous_38)
FN:257,(anonymous_39)
FN:258,(anonymous_40)
FN:263,(anonymous_41)
FN:270,(anonymous_42)
FN:274,(anonymous_43)
FN:278,(anonymous_44)
FN:340,(anonymous_45)
FN:344,(anonymous_46)
FN:351,(anonymous_47)
FN:355,(anonymous_48)
FN:362,(anonymous_49)
FN:368,(anonymous_50)
FN:404,(anonymous_51)
FN:464,(anonymous_52)
FN:479,(anonymous_53)
FN:506,(anonymous_54)
FN:521,(anonymous_55)
FN:561,(anonymous_56)
FN:577,(anonymous_57)
FN:608,(anonymous_58)
FN:631,(anonymous_59)
FN:703,(anonymous_60)
FN:708,(anonymous_61)
FN:712,(anonymous_62)
FN:713,(anonymous_63)
FN:714,(anonymous_64)
FN:720,(anonymous_65)
FN:741,(anonymous_66)
FN:781,(anonymous_67)
FN:802,(anonymous_68)
FN:837,(anonymous_69)
FN:917,(anonymous_70)
FN:947,(anonymous_71)
FN:993,(anonymous_72)
FN:1012,(anonymous_73)
FN:1059,(anonymous_74)
FN:1122,(anonymous_75)
FN:1135,(anonymous_76)
FN:1156,(anonymous_77)
FN:1157,(anonymous_78)
FN:1179,(anonymous_79)
FN:1213,(anonymous_80)
FNF:72
FNH:8
FNDA:4,(anonymous_9)
FNDA:4,(anonymous_10)
FNDA:0,(anonymous_11)
FNDA:0,(anonymous_12)
FNDA:0,(anonymous_13)
FNDA:0,(anonymous_14)
FNDA:0,(anonymous_15)
FNDA:0,(anonymous_16)
FNDA:0,(anonymous_17)
FNDA:0,(anonymous_18)
FNDA:4,(anonymous_19)
FNDA:0,(anonymous_20)
FNDA:0,(anonymous_21)
FNDA:0,(anonymous_22)
FNDA:0,(anonymous_23)
FNDA:0,(anonymous_24)
FNDA:0,(anonymous_25)
FNDA:0,(anonymous_26)
FNDA:0,(anonymous_27)
FNDA:0,(anonymous_28)
FNDA:0,(anonymous_29)
FNDA:0,(anonymous_30)
FNDA:0,(anonymous_31)
FNDA:0,(anonymous_32)
FNDA:0,(anonymous_33)
FNDA:0,(anonymous_34)
FNDA:0,(anonymous_35)
FNDA:0,(anonymous_36)
FNDA:0,(anonymous_37)
FNDA:0,(anonymous_38)
FNDA:4,(anonymous_39)
FNDA:0,(anonymous_40)
FNDA:0,(anonymous_41)
FNDA:32,(anonymous_42)
FNDA:76,(anonymous_43)
FNDA:0,(anonymous_44)
FNDA:0,(anonymous_45)
FNDA:0,(anonymous_46)
FNDA:0,(anonymous_47)
FNDA:0,(anonymous_48)
FNDA:1,(anonymous_49)
FNDA:0,(anonymous_50)
FNDA:0,(anonymous_51)
FNDA:0,(anonymous_52)
FNDA:0,(anonymous_53)
FNDA:0,(anonymous_54)
FNDA:0,(anonymous_55)
FNDA:0,(anonymous_56)
FNDA:0,(anonymous_57)
FNDA:0,(anonymous_58)
FNDA:0,(anonymous_59)
FNDA:0,(anonymous_60)
FNDA:0,(anonymous_61)
FNDA:0,(anonymous_62)
FNDA:0,(anonymous_63)
FNDA:0,(anonymous_64)
FNDA:0,(anonymous_65)
FNDA:0,(anonymous_66)
FNDA:0,(anonymous_67)
FNDA:0,(anonymous_68)
FNDA:0,(anonymous_69)
FNDA:0,(anonymous_70)
FNDA:0,(anonymous_71)
FNDA:0,(anonymous_72)
FNDA:0,(anonymous_73)
FNDA:0,(anonymous_74)
FNDA:0,(anonymous_75)
FNDA:0,(anonymous_76)
FNDA:0,(anonymous_77)
FNDA:0,(anonymous_78)
FNDA:0,(anonymous_79)
FNDA:1,(anonymous_80)
DA:3,1
DA:5,1
DA:6,1
DA:7,1
DA:9,1
DA:49,1
DA:54,4
DA:55,4
DA:56,4
DA:57,4
DA:58,4
DA:59,4
DA:60,4
DA:61,4
DA:64,4
DA:65,4
DA:68,4
DA:69,4
DA:70,4
DA:72,4
DA:78,4
DA:79,4
DA:80,4
DA:84,4
DA:87,0
DA:90,4
DA:93,0
DA:96,4
DA:99,0
DA:102,4
DA:105,0
DA:108,4
DA:112,0
DA:113,0
DA:117,4
DA:120,0
DA:123,4
DA:126,0
DA:129,4
DA:132,0
DA:137,4
DA:140,0
DA:143,4
DA:146,0
DA:149,4
DA:152,0
DA:155,4
DA:158,0
DA:162,4
DA:165,0
DA:168,4
DA:171,0
DA:174,4
DA:177,0
DA:180,4
DA:183,0
DA:186,4
DA:189,0
DA:192,4
DA:195,0
DA:199,4
DA:202,0
DA:205,4
DA:208,0
DA:211,4
DA:214,0
DA:217,4
DA:220,0
DA:223,4
DA:226,0
DA:229,4
DA:233,0
DA:234,0
DA:238,4
DA:241,0
DA:244,4
DA:247,0
DA:250,4
DA:253,0
DA:258,4
DA:259,0
DA:260,0
DA:263,4
DA:264,0
DA:265,0
DA:266,0
DA:271,32
DA:275,76
DA:279,0
DA:282,0
DA:283,0
DA:284,0
DA:288,0
DA:289,0
DA:290,0
DA:292,0
DA:293,0
DA:295,0
DA:296,0
DA:297,0
DA:298,0
DA:300,0
DA:301,0
DA:306,0
DA:307,0
DA:309,0
DA:311,0
DA:313,0
DA:314,0
DA:315,0
DA:316,0
DA:317,0
DA:318,0
DA:319,0
DA:322,0
DA:323,0
DA:325,0
DA:326,0
DA:332,0
DA:335,0
DA:336,0
DA:341,0
DA:342,0
DA:344,0
DA:345,0
DA:348,0
DA:352,0
DA:353,0
DA:355,0
DA:356,0
DA:359,0
DA:363,1
DA:364,1
DA:365,1
DA:369,0
DA:370,0
DA:372,0
DA:373,0
DA:375,0
DA:376,0
DA:377,0
DA:378,0
DA:379,0
DA:380,0
DA:381,0
DA:383,0
DA:384,0
DA:385,0
DA:386,0
DA:387,0
DA:388,0
DA:390,0
DA:391,0
DA:392,0
DA:393,0
DA:395,0
DA:396,0
DA:397,0
DA:398,0
DA:401,0
DA:405,0
DA:407,0
DA:409,0
DA:412,0
DA:413,0
DA:415,0
DA:416,0
DA:417,0
DA:421,0
DA:426,0
DA:427,0
DA:428,0
DA:432,0
DA:435,0
DA:440,0
DA:441,0
DA:443,0
DA:446,0
DA:447,0
DA:449,0
DA:450,0
DA:451,0
DA:452,0
DA:453,0
DA:454,0
DA:455,0
DA:458,0
DA:460,0
DA:465,0
DA:467,0
DA:469,0
DA:473,0
DA:474,0
DA:475,0
DA:478,0
DA:479,0
DA:480,0
DA:481,0
DA:483,0
DA:485,0
DA:486,0
DA:488,0
DA:489,0
DA:490,0
DA:493,0
DA:494,0
DA:495,0
DA:498,0
DA:499,0
DA:502,0
DA:507,0
DA:509,0
DA:511,0
DA:515,0
DA:516,0
DA:517,0
DA:520,0
DA:521,0
DA:522,0
DA:523,0
DA:525,0
DA:527,0
DA:528,0
DA:530,0
DA:531,0
DA:532,0
DA:535,0
DA:536,0
DA:537,0
DA:540,0
DA:543,0
DA:544,0
DA:545,0
DA:547,0
DA:548,0
DA:549,0
DA:553,0
DA:554,0
DA:557,0
DA:562,0
DA:565,0
DA:566,0
DA:569,0
DA:570,0
DA:571,0
DA:572,0
DA:573,0
DA:574,0
DA:578,0
DA:579,0
DA:580,0
DA:583,0
DA:584,0
DA:589,0
DA:591,0
DA:596,0
DA:597,0
DA:598,0
DA:601,0
DA:606,0
DA:608,0
DA:610,0
DA:611,0
DA:614,0
DA:616,0
DA:618,0
DA:622,0
DA:624,0
DA:627,0
DA:632,0
DA:633,0
DA:634,0
DA:637,0
DA:638,0
DA:639,0
DA:642,0
DA:644,0
DA:646,0
DA:651,0
DA:653,0
DA:654,0
DA:656,0
DA:658,0
DA:659,0
DA:664,0
DA:665,0
DA:666,0
DA:667,0
DA:668,0
DA:669,0
DA:674,0
DA:677,0
DA:680,0
DA:681,0
DA:685,0
DA:686,0
DA:690,0
DA:693,0
DA:696,0
DA:699,0
DA:704,0
DA:705,0
DA:713,0
DA:714,0
DA:715,0
DA:721,0
DA:722,0
DA:723,0
DA:724,0
DA:725,0
DA:726,0
DA:728,0
DA:729,0
DA:730,0
DA:731,0
DA:732,0
DA:733,0
DA:734,0
DA:735,0
DA:737,0
DA:742,0
DA:743,0
DA:746,0
DA:751,0
DA:752,0
DA:755,0
DA:758,0
DA:763,0
DA:764,0
DA:766,0
DA:767,0
DA:768,0
DA:769,0
DA:770,0
DA:771,0
DA:772,0
DA:775,0
DA:777,0
DA:782,0
DA:783,0
DA:785,0
DA:791,0
DA:796,0
DA:804,0
DA:805,0
DA:807,0
DA:808,0
DA:812,0
DA:813,0
DA:817,0
DA:818,0
DA:823,0
DA:824,0
DA:825,0
DA:826,0
DA:828,0
DA:833,0
DA:834,0
DA:838,0
DA:840,0
DA:841,0
DA:844,0
DA:851,0
DA:854,0
DA:855,0
DA:860,0
DA:862,0
DA:863,0
DA:868,0
DA:869,0
DA:874,0
DA:875,0
DA:877,0
DA:878,0
DA:879,0
DA:881,0
DA:886,0
DA:887,0
DA:888,0
DA:890,0
DA:895,0
DA:896,0
DA:897,0
DA:900,0
DA:908,0
DA:909,0
DA:913,0
DA:919,0
DA:925,0
DA:926,0
DA:930,0
DA:931,0
DA:933,0
DA:934,0
DA:939,0
DA:940,0
DA:944,0
DA:949,0
DA:955,0
DA:956,0
DA:960,0
DA:961,0
DA:962,0
DA:964,0
DA:965,0
DA:968,0
DA:973,0
DA:975,0
DA:976,0
DA:977,0
DA:983,0
DA:984,0
DA:990,0
DA:994,0
DA:996,0
DA:1001,0
DA:1002,0
DA:1005,0
DA:1008,0
DA:1012,0
DA:1014,0
DA:1022,0
DA:1023,0
DA:1025,0
DA:1026,0
DA:1031,0
DA:1032,0
DA:1036,0
DA:1037,0
DA:1040,0
DA:1041,0
DA:1042,0
DA:1047,0
DA:1053,0
DA:1054,0
DA:1057,0
DA:1059,0
DA:1060,0
DA:1063,0
DA:1064,0
DA:1066,0
DA:1071,0
DA:1077,0
DA:1078,0
DA:1080,0
DA:1082,0
DA:1084,0
DA:1091,0
DA:1092,0
DA:1098,0
DA:1099,0
DA:1100,0
DA:1108,0
DA:1109,0
DA:1111,0
DA:1115,0
DA:1116,0
DA:1118,0
DA:1123,0
DA:1132,0
DA:1136,0
DA:1142,0
DA:1143,0
DA:1144,0
DA:1149,0
DA:1151,0
DA:1156,0
DA:1157,0
DA:1159,0
DA:1167,0
DA:1170,0
DA:1171,0
DA:1176,0
DA:1184,0
DA:1186,0
DA:1187,0
DA:1189,0
DA:1190,0
DA:1192,0
DA:1193,0
DA:1195,0
DA:1196,0
DA:1198,0
DA:1201,0
DA:1208,0
DA:1209,0
DA:1214,1
DA:1215,1
DA:1216,1
LF:489
LH:60
BRDA:279,0,0,0
BRDA:279,0,1,0
BRDA:283,1,0,0
BRDA:283,1,1,0
BRDA:292,2,0,0
BRDA:292,2,1,0
BRDA:295,3,0,0
BRDA:295,3,1,0
BRDA:309,4,0,0
BRDA:309,4,1,0
BRDA:313,5,0,0
BRDA:313,5,1,0
BRDA:315,6,0,0
BRDA:315,6,1,0
BRDA:316,7,0,0
BRDA:316,7,1,0
BRDA:318,8,0,0
BRDA:318,8,1,0
BRDA:335,9,0,0
BRDA:335,9,1,0
BRDA:335,10,0,0
BRDA:335,10,1,0
BRDA:379,11,0,0
BRDA:379,11,1,0
BRDA:386,12,0,0
BRDA:386,12,1,0
BRDA:388,13,0,0
BRDA:388,13,1,0
BRDA:395,14,0,0
BRDA:395,14,1,0
BRDA:415,15,0,0
BRDA:415,15,1,0
BRDA:426,16,0,0
BRDA:426,16,1,0
BRDA:440,17,0,0
BRDA:440,17,1,0
BRDA:473,18,0,0
BRDA:473,18,1,0
BRDA:473,19,0,0
BRDA:473,19,1,0
BRDA:488,20,0,0
BRDA:488,20,1,0
BRDA:488,21,0,0
BRDA:488,21,1,0
BRDA:488,21,2,0
BRDA:493,22,0,0
BRDA:493,22,1,0
BRDA:515,23,0,0
BRDA:515,23,1,0
BRDA:515,24,0,0
BRDA:515,24,1,0
BRDA:530,25,0,0
BRDA:530,25,1,0
BRDA:530,26,0,0
BRDA:530,26,1,0
BRDA:530,26,2,0
BRDA:535,27,0,0
BRDA:535,27,1,0
BRDA:547,28,0,0
BRDA:547,28,1,0
BRDA:565,29,0,0
BRDA:565,29,1,0
BRDA:565,30,0,0
BRDA:565,30,1,0
BRDA:578,31,0,0
BRDA:578,31,1,0
BRDA:578,32,0,0
BRDA:578,32,1,0
BRDA:589,33,0,0
BRDA:589,33,1,0
BRDA:606,34,0,0
BRDA:606,34,1,0
BRDA:606,35,0,0
BRDA:606,35,1,0
BRDA:610,36,0,0
BRDA:610,36,1,0
BRDA:632,37,0,0
BRDA:632,37,1,0
BRDA:632,38,0,0
BRDA:632,38,1,0
BRDA:637,39,0,0
BRDA:637,39,1,0
BRDA:651,40,0,0
BRDA:651,40,1,0
BRDA:656,41,0,0
BRDA:656,41,1,0
BRDA:656,42,0,0
BRDA:656,42,1,0
BRDA:656,42,2,0
BRDA:664,43,0,0
BRDA:664,43,1,0
BRDA:665,44,0,0
BRDA:665,44,1,0
BRDA:666,45,0,0
BRDA:666,45,1,0
BRDA:668,46,0,0
BRDA:668,46,1,0
BRDA:728,47,0,0
BRDA:728,47,1,0
BRDA:730,48,0,0
BRDA:730,48,1,0
BRDA:731,49,0,0
BRDA:731,49,1,0
BRDA:732,50,0,0
BRDA:732,50,1,0
BRDA:733,51,0,0
BRDA:733,51,1,0
BRDA:734,52,0,0
BRDA:734,52,1,0
BRDA:735,53,0,0
BRDA:735,53,1,0
BRDA:751,54,0,0
BRDA:751,54,1,0
BRDA:782,55,0,0
BRDA:782,55,1,0
BRDA:782,56,0,0
BRDA:782,56,1,0
BRDA:804,57,0,0
BRDA:804,57,1,0
BRDA:807,58,0,0
BRDA:807,58,1,0
BRDA:812,59,0,0
BRDA:812,59,1,0
BRDA:817,60,0,0
BRDA:817,60,1,0
BRDA:823,61,0,0
BRDA:823,61,1,0
BRDA:824,62,0,0
BRDA:824,62,1,0
BRDA:825,63,0,0
BRDA:825,63,1,0
BRDA:841,64,0,0
BRDA:841,64,1,0
BRDA:860,65,0,0
BRDA:860,65,1,0
BRDA:868,66,0,0
BRDA:868,66,1,0
BRDA:874,67,0,0
BRDA:874,67,1,0
BRDA:875,68,0,0
BRDA:875,68,1,0
BRDA:877,69,0,0
BRDA:877,69,1,0
BRDA:878,70,0,0
BRDA:878,70,1,0
BRDA:888,71,0,0
BRDA:888,71,1,0
BRDA:895,72,0,0
BRDA:895,72,1,0
BRDA:908,73,0,0
BRDA:908,73,1,0
BRDA:925,74,0,0
BRDA:925,74,1,0
BRDA:925,75,0,0
BRDA:925,75,1,0
BRDA:939,76,0,0
BRDA:939,76,1,0
BRDA:947,77,0,0
BRDA:947,78,0,0
BRDA:955,79,0,0
BRDA:955,79,1,0
BRDA:955,80,0,0
BRDA:955,80,1,0
BRDA:965,81,0,0
BRDA:965,81,1,0
BRDA:973,82,0,0
BRDA:973,82,1,0
BRDA:976,83,0,0
BRDA:976,83,1,0
BRDA:983,84,0,0
BRDA:983,84,1,0
BRDA:1001,85,0,0
BRDA:1001,85,1,0
BRDA:1031,86,0,0
BRDA:1031,86,1,0
BRDA:1040,87,0,0
BRDA:1040,87,1,0
BRDA:1054,88,0,0
BRDA:1054,88,1,0
BRDA:1057,89,0,0
BRDA:1057,89,1,0
BRDA:1057,90,0,0
BRDA:1057,90,1,0
BRDA:1063,91,0,0
BRDA:1063,91,1,0
BRDA:1077,92,0,0
BRDA:1077,92,1,0
BRDA:1077,93,0,0
BRDA:1077,93,1,0
BRDA:1082,94,0,0
BRDA:1082,94,1,0
BRDA:1091,95,0,0
BRDA:1091,95,1,0
BRDA:1099,96,0,0
BRDA:1099,96,1,0
BRDA:1108,97,0,0
BRDA:1108,97,1,0
BRDA:1115,98,0,0
BRDA:1115,98,1,0
BRDA:1132,99,0,0
BRDA:1132,99,1,0
BRDA:1142,100,0,0
BRDA:1142,100,1,0
BRDA:1142,101,0,0
BRDA:1142,101,1,0
BRDA:1142,101,2,0
BRDA:1149,102,0,0
BRDA:1149,102,1,0
BRDA:1156,103,0,0
BRDA:1156,103,1,0
BRDA:1157,104,0,0
BRDA:1157,104,1,0
BRDA:1170,105,0,0
BRDA:1170,105,1,0
BRDA:1184,106,0,0
BRDA:1184,106,1,0
BRDA:1187,107,0,0
BRDA:1187,107,1,0
BRDA:1190,108,0,0
BRDA:1190,108,1,0
BRDA:1193,109,0,0
BRDA:1193,109,1,0
BRDA:1196,110,0,0
BRDA:1196,110,1,0
BRF:224
BRH:0
end_of_record
TN:
SF:src/index.ts
FN:6,main
FN:25,(anonymous_2)
FNF:2
FNH:0
FNDA:0,main
FNDA:0,(anonymous_2)
DA:3,0
DA:4,0
DA:7,0
DA:9,0
DA:10,0
DA:12,0
DA:13,0
DA:16,0
DA:17,0
DA:21,0
DA:24,0
DA:26,0
LF:12
LH:0
BRF:0
BRH:0
end_of_record
TN:
SF:src/ai/grokClient.ts
FN:117,(anonymous_10)
FN:140,(anonymous_11)
FN:204,(anonymous_12)
FN:238,(anonymous_13)
FN:272,(anonymous_14)
FN:309,(anonymous_15)
FN:317,(anonymous_16)
FN:384,(anonymous_17)
FN:428,(anonymous_18)
FN:464,(anonymous_19)
FN:489,(anonymous_20)
FN:512,(anonymous_21)
FN:531,(anonymous_22)
FN:576,(anonymous_23)
FN:621,(anonymous_24)
FN:630,(anonymous_25)
FN:637,(anonymous_26)
FN:644,(anonymous_27)
FN:651,(anonymous_28)
FNF:19
FNH:1
FNDA:4,(anonymous_10)
FNDA:0,(anonymous_11)
FNDA:0,(anonymous_12)
FNDA:0,(anonymous_13)
FNDA:0,(anonymous_14)
FNDA:0,(anonymous_15)
FNDA:0,(anonymous_16)
FNDA:0,(anonymous_17)
FNDA:0,(anonymous_18)
FNDA:0,(anonymous_19)
FNDA:0,(anonymous_20)
FNDA:0,(anonymous_21)
FNDA:0,(anonymous_22)
FNDA:0,(anonymous_23)
FNDA:0,(anonymous_24)
FNDA:0,(anonymous_25)
FNDA:0,(anonymous_26)
FNDA:0,(anonymous_27)
FNDA:0,(anonymous_28)
DA:1,4
DA:2,4
DA:4,4
DA:108,4
DA:111,4
DA:118,4
DA:127,4
DA:128,0
DA:131,4
DA:141,0
DA:142,0
DA:145,0
DA:146,0
DA:147,0
DA:149,0
DA:191,0
DA:192,0
DA:193,0
DA:194,0
DA:196,0
DA:197,0
DA:200,0
DA:205,0
DA:206,0
DA:209,0
DA:225,0
DA:226,0
DA:227,0
DA:228,0
DA:230,0
DA:231,0
DA:234,0
DA:239,0
DA:240,0
DA:243,0
DA:259,0
DA:260,0
DA:261,0
DA:262,0
DA:264,0
DA:265,0
DA:268,0
DA:273,0
DA:274,0
DA:277,0
DA:296,0
DA:297,0
DA:298,0
DA:299,0
DA:301,0
DA:302,0
DA:305,0
DA:310,0
DA:311,0
DA:314,0
DA:317,0
DA:320,0
DA:324,0
DA:328,0
DA:365,0
DA:366,0
DA:369,0
DA:370,0
DA:373,0
DA:374,0
DA:376,0
DA:377,0
DA:380,0
DA:385,0
DA:386,0
DA:403,0
DA:404,0
DA:405,0
DA:408,0
DA:409,0
DA:410,0
DA:413,0
DA:415,0
DA:416,0
DA:417,0
DA:419,0
DA:423,0
DA:429,0
DA:431,0
DA:461,0
DA:465,0
DA:486,0
DA:491,0
DA:492,0
DA:498,0
DA:499,0
DA:506,0
DA:513,0
DA:528,0
DA:532,0
DA:535,0
DA:536,0
DA:544,0
DA:545,0
DA:553,0
DA:554,0
DA:562,0
DA:563,0
DA:572,0
DA:577,0
DA:586,0
DA:589,0
DA:608,0
DA:610,0
DA:612,0
DA:622,0
DA:631,0
DA:638,0
DA:645,0
DA:652,0
DA:661,0
LF:116
LH:8
BRDA:119,0,0,4
BRDA:119,0,1,4
BRDA:119,0,2,0
BRDA:120,1,0,4
BRDA:120,1,1,4
BRDA:120,1,2,0
BRDA:121,2,0,4
BRDA:121,2,1,4
BRDA:121,2,2,0
BRDA:122,3,0,4
BRDA:122,3,1,4
BRDA:122,4,0,4
BRDA:122,4,1,0
BRDA:123,5,0,4
BRDA:123,5,1,4
BRDA:123,6,0,4
BRDA:123,6,1,0
BRDA:124,7,0,4
BRDA:124,7,1,4
BRDA:127,8,0,0
BRDA:127,8,1,4
BRDA:127,9,0,4
BRDA:127,9,1,0
BRDA:141,10,0,0
BRDA:141,10,1,0
BRDA:145,11,0,0
BRDA:145,11,1,0
BRDA:146,12,0,0
BRDA:146,12,1,0
BRDA:147,13,0,0
BRDA:147,13,1,0
BRDA:196,14,0,0
BRDA:196,14,1,0
BRDA:205,15,0,0
BRDA:205,15,1,0
BRDA:213,16,0,0
BRDA:213,16,1,0
BRDA:230,17,0,0
BRDA:230,17,1,0
BRDA:239,18,0,0
BRDA:239,18,1,0
BRDA:247,19,0,0
BRDA:247,19,1,0
BRDA:264,20,0,0
BRDA:264,20,1,0
BRDA:273,21,0,0
BRDA:273,21,1,0
BRDA:280,22,0,0
BRDA:280,22,1,0
BRDA:301,23,0,0
BRDA:301,23,1,0
BRDA:310,24,0,0
BRDA:310,24,1,0
BRDA:314,25,0,0
BRDA:314,25,1,0
BRDA:316,26,0,0
BRDA:316,26,1,0
BRDA:320,27,0,0
BRDA:320,27,1,0
BRDA:320,28,0,0
BRDA:320,28,1,0
BRDA:324,29,0,0
BRDA:324,29,1,0
BRDA:324,30,0,0
BRDA:324,30,1,0
BRDA:369,31,0,0
BRDA:369,31,1,0
BRDA:369,32,0,0
BRDA:369,32,1,0
BRDA:376,33,0,0
BRDA:376,33,1,0
BRDA:403,34,0,0
BRDA:403,34,1,0
BRDA:415,35,0,0
BRDA:415,35,1,0
BRDA:416,36,0,0
BRDA:416,36,1,0
BRDA:417,37,0,0
BRDA:417,37,1,0
BRDA:429,38,0,0
BRDA:429,38,1,0
BRDA:491,39,0,0
BRDA:491,39,1,0
BRDA:491,40,0,0
BRDA:491,40,1,0
BRDA:498,41,0,0
BRDA:498,41,1,0
BRDA:498,42,0,0
BRDA:498,42,1,0
BRDA:535,43,0,0
BRDA:535,43,1,0
BRDA:535,44,0,0
BRDA:535,44,1,0
BRDA:544,45,0,0
BRDA:544,45,1,0
BRDA:544,46,0,0
BRDA:544,46,1,0
BRDA:553,47,0,0
BRDA:553,47,1,0
BRDA:553,48,0,0
BRDA:553,48,1,0
BRDA:562,49,0,0
BRDA:562,49,1,0
BRDA:562,50,0,0
BRDA:562,50,1,0
BRDA:562,50,2,0
BRDA:586,51,0,0
BRDA:586,51,1,0
BRDA:661,52,0,0
BRDA:661,52,1,0
BRF:110
BRH:16
end_of_record
TN:
SF:src/nlp/config.ts
FN:61,getNLPConfig
FN:83,applyEnvironmentOverrides
FNF:2
FNH:2
FNDA:10,getNLPConfig
FNDA:13,applyEnvironmentOverrides
DA:6,3
DA:17,3
DA:28,3
DA:39,3
DA:50,3
DA:61,3
DA:62,10
DA:64,10
DA:66,2
DA:68,1
DA:70,1
DA:72,5
DA:74,0
DA:76,1
DA:83,3
DA:84,13
DA:86,13
DA:87,4
DA:88,4
DA:89,3
DA:93,13
DA:94,2
DA:95,2
DA:96,2
DA:100,13
DA:101,3
DA:104,13
DA:105,3
DA:106,3
DA:107,2
DA:111,13
DA:112,3
DA:115,13
LF:33
LH:32
BRDA:62,0,0,10
BRDA:62,0,1,5
BRDA:64,1,0,2
BRDA:64,1,1,1
BRDA:64,1,2,1
BRDA:64,1,3,5
BRDA:64,1,4,0
BRDA:64,1,5,1
BRDA:86,2,0,4
BRDA:86,2,1,9
BRDA:88,3,0,3
BRDA:88,3,1,1
BRDA:93,4,0,2
BRDA:93,4,1,11
BRDA:95,5,0,2
BRDA:95,5,1,0
BRDA:100,6,0,3
BRDA:100,6,1,10
BRDA:104,7,0,3
BRDA:104,7,1,10
BRDA:106,8,0,2
BRDA:106,8,1,1
BRDA:111,9,0,3
BRDA:111,9,1,10
BRF:24
BRH:22
end_of_record
TN:
SF:src/nlp/contextResolver.ts
FN:85,(anonymous_0)
FN:94,(anonymous_1)
FN:114,(anonymous_2)
FN:122,(anonymous_3)
FN:152,(anonymous_4)
FN:183,(anonymous_5)
FN:213,(anonymous_6)
FN:233,(anonymous_7)
FN:270,(anonymous_8)
FN:301,(anonymous_9)
FN:309,(anonymous_10)
FN:326,(anonymous_11)
FN:331,(anonymous_12)
FN:348,(anonymous_13)
FN:372,(anonymous_14)
FN:398,(anonymous_15)
FN:408,(anonymous_16)
FN:416,(anonymous_17)
FNF:18
FNH:18
FNDA:41,(anonymous_0)
FNDA:13,(anonymous_1)
FNDA:3,(anonymous_2)
FNDA:13,(anonymous_3)
FNDA:2,(anonymous_4)
FNDA:11,(anonymous_5)
FNDA:4,(anonymous_6)
FNDA:4,(anonymous_7)
FNDA:4,(anonymous_8)
FNDA:3,(anonymous_9)
FNDA:4,(anonymous_10)
FNDA:3,(anonymous_11)
FNDA:2,(anonymous_12)
FNDA:1,(anonymous_13)
FNDA:2,(anonymous_14)
FNDA:4,(anonymous_15)
FNDA:4,(anonymous_16)
FNDA:8,(anonymous_17)
DA:85,3
DA:86,41
DA:87,41
DA:88,41
DA:89,41
DA:100,13
DA:101,13
DA:102,2
DA:106,11
DA:107,11
DA:110,4
DA:112,4
DA:114,3
DA:124,13
DA:125,13
DA:126,13
DA:129,13
DA:131,13
DA:132,0
DA:133,13
DA:134,2
DA:135,11
DA:136,0
DA:139,13
DA:140,2
DA:146,11
DA:157,2
DA:158,2
DA:160,2
DA:161,3
DA:163,3
DA:165,1
DA:168,2
DA:171,2
DA:174,1
DA:184,11
DA:187,11
DA:197,11
DA:198,60
DA:199,60
DA:200,4
DA:207,7
DA:218,4
DA:220,4
DA:221,4
DA:222,4
DA:223,3
DA:227,4
DA:238,4
DA:241,4
DA:242,4
DA:243,1
DA:247,3
DA:248,3
DA:249,0
DA:253,3
DA:254,3
DA:255,2
DA:259,1
DA:260,1
DA:261,0
DA:264,1
DA:271,4
DA:280,4
DA:281,19
DA:282,1
DA:283,1
DA:284,1
DA:295,3
DA:302,3
DA:305,2
DA:307,2
DA:308,2
DA:309,4
DA:310,0
DA:320,2
DA:327,3
DA:329,2
DA:330,2
DA:331,2
DA:332,2
DA:342,0
DA:349,1
DA:351,0
DA:353,0
DA:355,0
DA:356,0
DA:366,0
DA:374,2
DA:375,2
DA:378,2
DA:381,2
DA:389,2
DA:390,0
DA:399,4
DA:400,4
DA:401,9
DA:409,4
DA:410,4
DA:417,8
LF:100
LH:88
BRDA:101,0,0,2
BRDA:101,0,1,11
BRDA:107,1,0,7
BRDA:107,1,1,4
BRDA:131,2,0,0
BRDA:131,2,1,13
BRDA:133,3,0,2
BRDA:133,3,1,11
BRDA:135,4,0,0
BRDA:135,4,1,11
BRDA:139,5,0,2
BRDA:139,5,1,11
BRDA:163,6,0,1
BRDA:163,6,1,2
BRDA:163,7,0,3
BRDA:163,7,1,2
BRDA:199,8,0,4
BRDA:199,8,1,56
BRDA:222,9,0,3
BRDA:222,9,1,1
BRDA:242,10,0,1
BRDA:242,10,1,3
BRDA:248,11,0,0
BRDA:248,11,1,3
BRDA:254,12,0,2
BRDA:254,12,1,1
BRDA:260,13,0,0
BRDA:260,13,1,1
BRDA:281,14,0,1
BRDA:281,14,1,18
BRDA:283,15,0,1
BRDA:283,15,1,0
BRDA:302,16,0,1
BRDA:302,16,1,2
BRDA:308,17,0,0
BRDA:308,17,1,2
BRDA:308,18,0,2
BRDA:308,18,1,2
BRDA:327,19,0,1
BRDA:327,19,1,2
BRDA:330,20,0,2
BRDA:330,20,1,0
BRDA:330,21,0,2
BRDA:330,21,1,2
BRDA:349,22,0,1
BRDA:349,22,1,0
BRDA:355,23,0,0
BRDA:355,23,1,0
BRDA:374,24,0,2
BRDA:374,24,1,0
BRDA:389,25,0,0
BRDA:389,25,1,2
BRF:52
BRH:40
end_of_record
TN:
SF:src/nlp/enhancedNLPEngine.ts
FN:20,(anonymous_0)
FN:28,(anonymous_1)
FN:77,(anonymous_2)
FN:139,(anonymous_3)
FN:161,(anonymous_4)
FN:197,(anonymous_5)
FN:233,(anonymous_6)
FN:236,(anonymous_7)
FN:237,(anonymous_8)
FN:246,(anonymous_9)
FN:249,(anonymous_10)
FN:264,(anonymous_11)
FN:269,(anonymous_12)
FN:279,(anonymous_13)
FN:287,(anonymous_14)
FN:294,(anonymous_15)
FN:306,(anonymous_16)
FNF:17
FNH:10
FNDA:32,(anonymous_0)
FNDA:42,(anonymous_1)
FNDA:4,(anonymous_2)
FNDA:4,(anonymous_3)
FNDA:4,(anonymous_4)
FNDA:4,(anonymous_5)
FNDA:0,(anonymous_6)
FNDA:0,(anonymous_7)
FNDA:0,(anonymous_8)
FNDA:0,(anonymous_9)
FNDA:0,(anonymous_10)
FNDA:0,(anonymous_11)
FNDA:0,(anonymous_12)
FNDA:3,(anonymous_13)
FNDA:3,(anonymous_14)
FNDA:5,(anonymous_15)
FNDA:2,(anonymous_16)
DA:1,2
DA:2,2
DA:11,2
DA:13,32
DA:21,32
DA:22,32
DA:29,42
DA:32,42
DA:35,42
DA:36,38
DA:40,4
DA:41,4
DA:43,4
DA:44,0
DA:46,0
DA:47,0
DA:58,0
DA:71,4
DA:90,4
DA:91,4
DA:93,4
DA:96,0
DA:97,0
DA:98,0
DA:109,0
DA:112,0
DA:113,0
DA:114,0
DA:115,0
DA:116,0
DA:120,0
DA:129,0
DA:130,0
DA:132,0
DA:140,4
DA:150,4
DA:151,4
DA:152,4
DA:155,4
DA:162,4
DA:163,4
DA:166,4
DA:167,4
DA:169,4
DA:170,32
DA:171,14
DA:180,4
DA:181,24
DA:182,4
DA:191,4
DA:198,4
DA:199,4
DA:202,4
DA:217,4
DA:218,48
DA:219,6
DA:227,4
DA:234,0
DA:236,0
DA:237,0
DA:240,0
DA:247,0
DA:249,0
DA:252,0
DA:253,0
DA:254,0
DA:255,0
DA:258,0
DA:265,0
DA:266,0
DA:269,0
DA:270,0
DA:273,0
DA:280,3
DA:281,3
DA:288,3
DA:295,5
DA:296,5
DA:307,2
DA:308,2
LF:80
LH:47
BRDA:35,0,0,38
BRDA:35,0,1,4
BRDA:35,1,0,42
BRDA:35,1,1,40
BRDA:43,2,0,0
BRDA:43,2,1,4
BRDA:46,3,0,0
BRDA:46,3,1,0
BRDA:93,4,0,4
BRDA:93,4,1,0
BRDA:96,5,0,0
BRDA:96,5,1,0
BRDA:113,6,0,0
BRDA:113,6,1,0
BRDA:115,7,0,0
BRDA:115,7,1,0
BRDA:129,8,0,0
BRDA:129,8,1,0
BRDA:150,9,0,4
BRDA:150,9,1,0
BRDA:170,10,0,14
BRDA:170,10,1,18
BRDA:181,11,0,4
BRDA:181,11,1,20
BRDA:218,12,0,6
BRDA:218,12,1,42
BRDA:234,13,0,0
BRDA:234,13,1,0
BRDA:237,14,0,0
BRDA:237,14,1,0
BRDA:247,15,0,0
BRDA:247,15,1,0
BRDA:254,16,0,0
BRDA:254,16,1,0
BRDA:255,17,0,0
BRDA:255,17,1,0
BRDA:265,18,0,0
BRDA:265,18,1,0
BRF:38
BRH:13
end_of_record
TN:
SF:src/nlp/localNLPProcessor.ts
FN:8,(anonymous_0)
FN:19,(anonymous_1)
FN:43,(anonymous_2)
FN:46,(anonymous_3)
FN:52,(anonymous_4)
FN:61,(anonymous_5)
FN:65,(anonymous_6)
FN:105,(anonymous_7)
FN:112,(anonymous_8)
FN:121,(anonymous_9)
FN:130,(anonymous_10)
FN:139,(anonymous_11)
FN:149,(anonymous_12)
FN:158,(anonymous_13)
FN:168,(anonymous_14)
FN:177,(anonymous_15)
FN:186,(anonymous_16)
FN:195,(anonymous_17)
FN:204,(anonymous_18)
FN:213,(anonymous_19)
FN:223,(anonymous_20)
FN:232,(anonymous_21)
FN:241,(anonymous_22)
FN:246,(anonymous_23)
FN:251,(anonymous_24)
FN:259,(anonymous_25)
FN:284,(anonymous_26)
FN:303,(anonymous_27)
FN:319,(anonymous_28)
FNF:29
FNH:27
FNDA:88,(anonymous_0)
FNDA:368,(anonymous_1)
FNDA:1322,(anonymous_2)
FNDA:9542,(anonymous_3)
FNDA:0,(anonymous_4)
FNDA:2,(anonymous_5)
FNDA:88,(anonymous_6)
FNDA:88,(anonymous_7)
FNDA:228,(anonymous_8)
FNDA:16,(anonymous_9)
FNDA:5,(anonymous_10)
FNDA:3,(anonymous_11)
FNDA:13,(anonymous_12)
FNDA:29,(anonymous_13)
FNDA:1,(anonymous_14)
FNDA:1,(anonymous_15)
FNDA:20,(anonymous_16)
FNDA:0,(anonymous_17)
FNDA:9,(anonymous_18)
FNDA:6,(anonymous_19)
FNDA:5,(anonymous_20)
FNDA:4,(anonymous_21)
FNDA:2,(anonymous_22)
FNDA:364,(anonymous_23)
FNDA:756,(anonymous_24)
FNDA:364,(anonymous_25)
FNDA:344,(anonymous_26)
FNDA:244,(anonymous_27)
FNDA:11,(anonymous_28)
DA:3,5
DA:4,88
DA:5,88
DA:6,88
DA:9,88
DA:10,88
DA:20,368
DA:22,368
DA:23,4
DA:26,364
DA:29,364
DA:31,364
DA:32,344
DA:33,344
DA:36,20
DA:44,1322
DA:46,9542
DA:53,0
DA:62,2
DA:67,88
DA:68,88
DA:69,88
DA:70,88
DA:71,88
DA:72,88
DA:75,88
DA:76,88
DA:77,88
DA:78,88
DA:79,88
DA:80,88
DA:83,88
DA:84,88
DA:85,88
DA:86,88
DA:87,88
DA:88,88
DA:91,88
DA:92,88
DA:93,88
DA:95,88
DA:96,88
DA:97,88
DA:100,88
DA:101,88
DA:102,88
DA:107,88
DA:112,228
DA:116,88
DA:121,16
DA:125,88
DA:130,5
DA:134,88
DA:139,3
DA:144,88
DA:149,13
DA:153,88
DA:158,29
DA:163,88
DA:168,1
DA:172,88
DA:177,1
DA:181,88
DA:186,20
DA:190,88
DA:195,0
DA:199,88
DA:204,9
DA:208,88
DA:213,6
DA:218,88
DA:223,5
DA:227,88
DA:232,4
DA:236,88
DA:241,2
DA:247,364
DA:250,364
DA:251,364
DA:252,756
DA:253,756
DA:256,364
DA:260,364
DA:261,1352
DA:262,1352
DA:263,344
DA:264,344
DA:265,344
DA:275,0
DA:276,0
DA:281,20
DA:285,344
DA:288,344
DA:289,92
DA:290,18
DA:293,344
DA:296,344
DA:297,252
DA:300,344
DA:304,244
DA:313,244
DA:320,11
LF:102
LH:98
BRDA:22,0,0,4
BRDA:22,0,1,364
BRDA:22,1,0,368
BRDA:22,1,1,366
BRDA:31,2,0,344
BRDA:31,2,1,20
BRDA:253,3,0,756
BRDA:253,3,1,689
BRDA:262,4,0,344
BRDA:262,4,1,1008
BRDA:288,5,0,252
BRDA:288,5,1,92
BRDA:289,6,0,74
BRDA:289,6,1,18
BRDA:290,7,0,18
BRDA:290,7,1,0
BRDA:293,8,0,344
BRDA:293,8,1,0
BRDA:296,9,0,252
BRDA:296,9,1,92
BRDA:296,10,0,344
BRDA:296,10,1,343
BRDA:313,11,0,244
BRDA:313,11,1,244
BRF:24
BRH:22
end_of_record
TN:
SF:src/nlp/unifiedNLPEngine.ts
FN:25,(anonymous_0)
FN:43,(anonymous_1)
FN:142,(anonymous_2)
FN:149,(anonymous_3)
FN:156,(anonymous_4)
FN:163,(anonymous_5)
FN:170,(anonymous_6)
FN:187,(anonymous_7)
FN:197,(anonymous_8)
FN:198,(anonymous_9)
FN:199,(anonymous_10)
FN:203,(anonymous_11)
FNF:12
FNH:12
FNDA:62,(anonymous_0)
FNDA:188,(anonymous_1)
FNDA:1,(anonymous_2)
FNDA:1,(anonymous_3)
FNDA:9,(anonymous_4)
FNDA:2,(anonymous_5)
FNDA:10,(anonymous_6)
FNDA:4,(anonymous_7)
FNDA:20,(anonymous_8)
FNDA:20,(anonymous_9)
FNDA:1,(anonymous_10)
FNDA:188,(anonymous_11)
DA:1,4
DA:2,4
DA:13,4
DA:17,62
DA:26,62
DA:27,62
DA:29,62
DA:44,188
DA:45,188
DA:47,188
DA:48,0
DA:52,188
DA:54,188
DA:56,167
DA:58,167
DA:66,167
DA:68,167
DA:69,0
DA:72,167
DA:76,21
DA:77,20
DA:78,20
DA:91,20
DA:96,18
DA:98,8
DA:100,8
DA:109,8
DA:111,8
DA:112,0
DA:113,0
DA:114,0
DA:118,8
DA:122,2
DA:123,0
DA:129,13
DA:130,13
DA:132,13
DA:133,0
DA:136,13
DA:143,1
DA:150,1
DA:157,9
DA:164,2
DA:171,10
DA:172,10
DA:174,10
DA:188,4
DA:198,20
DA:199,20
DA:204,188
DA:205,51
DA:207,137
LF:52
LH:45
BRDA:27,0,0,62
BRDA:27,0,1,0
BRDA:47,1,0,0
BRDA:47,1,1,188
BRDA:54,2,0,167
BRDA:54,2,1,21
BRDA:68,3,0,0
BRDA:68,3,1,167
BRDA:76,4,0,20
BRDA:76,4,1,1
BRDA:80,5,0,20
BRDA:80,5,1,0
BRDA:96,6,0,8
BRDA:96,6,1,10
BRDA:111,7,0,0
BRDA:111,7,1,8
BRDA:113,8,0,0
BRDA:113,8,1,0
BRDA:122,9,0,0
BRDA:122,9,1,2
BRDA:132,10,0,0
BRDA:132,10,1,13
BRDA:178,11,0,10
BRDA:178,11,1,4
BRDA:179,12,0,10
BRDA:179,12,1,4
BRDA:180,13,0,10
BRDA:180,13,1,9
BRDA:204,14,0,51
BRDA:204,14,1,137
BRF:30
BRH:21
end_of_record
TN:
SF:src/utils/database.ts
FN:8,(anonymous_1)
FN:12,(anonymous_2)
FN:13,(anonymous_3)
FN:14,(anonymous_4)
FN:26,(anonymous_5)
FN:27,(anonymous_6)
FN:29,(anonymous_7)
FN:45,(anonymous_8)
FN:46,(anonymous_9)
FN:52,(anonymous_10)
FN:62,(anonymous_11)
FN:63,(anonymous_12)
FN:69,(anonymous_13)
FN:79,(anonymous_14)
FN:80,(anonymous_15)
FN:86,(anonymous_16)
FN:96,(anonymous_17)
FNF:17
FNH:17
FNDA:61,(anonymous_1)
FNDA:61,(anonymous_2)
FNDA:61,(anonymous_3)
FNDA:61,(anonymous_4)
FNDA:61,(anonymous_5)
FNDA:61,(anonymous_6)
FNDA:61,(anonymous_7)
FNDA:1626,(anonymous_8)
FNDA:1626,(anonymous_9)
FNDA:1626,(anonymous_10)
FNDA:474,(anonymous_11)
FNDA:474,(anonymous_12)
FNDA:474,(anonymous_13)
FNDA:44,(anonymous_14)
FNDA:44,(anonymous_15)
FNDA:44,(anonymous_16)
FNDA:60,(anonymous_17)
DA:1,7
DA:2,7
DA:4,7
DA:5,61
DA:9,61
DA:13,61
DA:14,61
DA:15,61
DA:16,0
DA:17,0
DA:19,61
DA:20,61
DA:27,61
DA:28,61
DA:29,61
DA:30,61
DA:31,0
DA:32,0
DA:34,61
DA:35,61
DA:36,61
DA:40,0
DA:46,1626
DA:47,1626
DA:48,0
DA:49,0
DA:52,1626
DA:53,1626
DA:54,1
DA:56,1625
DA:63,474
DA:64,474
DA:65,0
DA:66,0
DA:69,474
DA:70,474
DA:71,0
DA:73,474
DA:80,44
DA:81,44
DA:82,0
DA:83,0
DA:86,44
DA:87,44
DA:88,0
DA:90,44
DA:97,60
DA:101,7
LF:48
LH:35
BRDA:8,0,0,0
BRDA:15,1,0,0
BRDA:15,1,1,61
BRDA:28,2,0,61
BRDA:28,2,1,0
BRDA:30,3,0,0
BRDA:30,3,1,61
BRDA:45,4,0,432
BRDA:47,5,0,0
BRDA:47,5,1,1626
BRDA:53,6,0,1
BRDA:53,6,1,1625
BRDA:62,7,0,123
BRDA:64,8,0,0
BRDA:64,8,1,474
BRDA:70,9,0,0
BRDA:70,9,1,474
BRDA:79,10,0,6
BRDA:81,11,0,0
BRDA:81,11,1,44
BRDA:87,12,0,0
BRDA:87,12,1,44
BRF:22
BRH:13
end_of_record
TN:
SF:src/utils/initDb.ts
FN:3,initializeDatabase
FN:82,migrateExistingData
FN:140,ensureGenerationProcessedColumn
FN:165,ensureConnectionDirectionColumn
FN:198,createGameWithRooms
FN:345,seedDatabase
FNF:6
FNH:5
FNDA:60,initializeDatabase
FNDA:0,migrateExistingData
FNDA:60,ensureGenerationProcessedColumn
FNDA:60,ensureConnectionDirectionColumn
FNDA:50,createGameWithRooms
FNDA:2,seedDatabase
DA:3,7
DA:4,60
DA:6,60
DA:16,60
DA:28,60
DA:42,60
DA:54,60
DA:59,60
DA:64,60
DA:70,60
DA:73,60
DA:75,60
DA:77,0
DA:78,0
DA:82,7
DA:83,0
DA:85,0
DA:91,0
DA:92,0
DA:95,0
DA:99,0
DA:100,0
DA:101,0
DA:105,0
DA:110,0
DA:113,0
DA:116,0
DA:119,0
DA:122,0
DA:125,0
DA:130,0
DA:132,0
DA:135,0
DA:136,0
DA:141,60
DA:143,60
DA:148,60
DA:149,0
DA:152,0
DA:155,0
DA:157,0
DA:160,0
DA:161,0
DA:166,60
DA:168,60
DA:173,60
DA:174,3
DA:177,3
DA:181,3
DA:184,3
DA:185,3
DA:190,3
DA:193,0
DA:194,0
DA:198,7
DA:199,50
DA:201,50
DA:206,49
DA:210,49
DA:217,49
DA:224,49
DA:232,49
DA:239,49
DA:246,49
DA:253,49
DA:254,49
DA:255,49
DA:256,49
DA:257,49
DA:258,49
DA:264,49
DA:270,49
DA:276,49
DA:282,49
DA:288,49
DA:296,49
DA:302,49
DA:308,49
DA:314,49
DA:320,49
DA:326,49
DA:332,49
DA:337,49
DA:338,49
DA:340,1
DA:341,1
DA:345,7
DA:346,2
DA:348,2
DA:352,2
DA:353,1
DA:354,1
DA:358,1
DA:359,1
DA:361,0
DA:362,0
LF:96
LH:65
BRDA:91,0,0,0
BRDA:91,0,1,0
BRDA:91,1,0,0
BRDA:91,1,1,0
BRDA:99,2,0,0
BRDA:99,2,1,0
BRDA:99,3,0,0
BRDA:99,3,1,0
BRDA:148,4,0,0
BRDA:148,4,1,60
BRDA:148,5,0,60
BRDA:148,5,1,60
BRDA:173,6,0,3
BRDA:173,6,1,57
BRDA:173,7,0,60
BRDA:173,7,1,60
BRDA:352,8,0,1
BRDA:352,8,1,1
BRDA:352,9,0,2
BRDA:352,9,1,2
BRF:20
BRH:11
end_of_record
